d:\code\c++\vc14 mfc\imgclassify\imgclassify\debug\imgclassify.pch
d:\code\c++\vc14 mfc\imgclassify\imgclassify\debug\vc140.pdb
d:\code\c++\vc14 mfc\imgclassify\imgclassify\debug\vc140.idb
d:\code\c++\vc14 mfc\imgclassify\imgclassify\debug\stdafx.obj
d:\code\c++\vc14 mfc\imgclassify\imgclassify\debug\imgclassifydlg.obj
d:\code\c++\vc14 mfc\imgclassify\imgclassify\debug\imgclassify.obj
d:\code\c++\vc14 mfc\imgclassify\imgclassify\debug\newdir.obj
d:\code\c++\vc14 mfc\imgclassify\imgclassify\debug\dirfileoption.obj
d:\code\c++\vc14 mfc\imgclassify\debug\imgclassify.ilk
d:\code\c++\vc14 mfc\imgclassify\debug\imgclassify.exe
d:\code\c++\vc14 mfc\imgclassify\debug\imgclassify.pdb
d:\code\c++\vc14 mfc\imgclassify\imgclassify\debug\imgclassify.res
d:\bak\github\imgclassify\imgclassify\debug\dirfileoption.obj
d:\bak\github\imgclassify\imgclassify\debug\imgclassify.obj
d:\bak\github\imgclassify\imgclassify\debug\imgclassifydlg.obj
d:\bak\github\imgclassify\imgclassify\debug\newdir.obj
d:\bak\github\imgclassify\imgclassify\debug\stdafx.obj
d:\bak\github\imgclassify\imgclassify\debug\imgclassify.res
d:\bak\github\imgclassify\imgclassify\debug\imgclassify.pch
d:\bak\github\imgclassify\imgclassify\debug\vc140.idb
d:\bak\github\imgclassify\imgclassify\debug\vc140.pdb
d:\bak\github\imgclassify\debug\imgclassify.pdb
d:\bak\github\imgclassify\debug\imgclassify.exe
d:\bak\github\imgclassify\debug\imgclassify.ilk
d:\bak\github\imgclassify\imgclassify\debug\imgclassify.tlog\cl.command.1.tlog
d:\bak\github\imgclassify\imgclassify\debug\imgclassify.tlog\cl.read.1.tlog
d:\bak\github\imgclassify\imgclassify\debug\imgclassify.tlog\cl.write.1.tlog
d:\bak\github\imgclassify\imgclassify\debug\imgclassify.tlog\link.command.1.tlog
d:\bak\github\imgclassify\imgclassify\debug\imgclassify.tlog\link.read.1.tlog
d:\bak\github\imgclassify\imgclassify\debug\imgclassify.tlog\link.write.1.tlog
d:\bak\github\imgclassify\imgclassify\debug\imgclassify.tlog\rc.command.1.tlog
d:\bak\github\imgclassify\imgclassify\debug\imgclassify.tlog\rc.read.1.tlog
d:\bak\github\imgclassify\imgclassify\debug\imgclassify.tlog\rc.write.1.tlog
